app.zen_browser.zen
com.bitwarden.desktop
com.github.PintaProject.Pinta
com.github.tchx84.Flatseal
com.protonvpn.www
com.ranfdev.DistroShelf
com.spotify.Client
com.stremio.Stremio
io.github.flattool.Warehouse
io.github.qwersyk.Newelle
io.github.seadve.Kooha
io.github.zaedus.spider
io.missioncenter.MissionCenter
me.proton.Pass
net.fasterland.converseen
org.gnome.Boxes
org.gnome.Calculator
org.gnome.Loupe
org.kde.haruna
org.libreoffice.LibreOffice
org.mozilla.thunderbird_esr
org.qbittorrent.qBittorrent
org.qgis.qgis
org.torproject.torbrowser-launcher
