app.zen_browser.zen
com.github.IsmaelMartinez.teams_for_linux
com.github.PintaProject.Pinta
com.github.rafostar.Clapper
com.github.tchx84.Flatseal
com.google.EarthPro
com.jeffser.Alpaca
com.protonvpn.www
com.spotify.Client
io.github.dp0sk.Crosspipe
io.github.flattool.Warehouse
io.github.hkdb.Aerion
io.github.seadve.Kooha
io.github.zaedus.spider
org.gnome.Calculator
org.gnome.Loupe
org.gnome.Maps
org.gnome.baobab
org.onlyoffice.desktopeditors
org.qbittorrent.qBittorrent
org.qgis.qgis
org.remmina.Remmina
org.vanillaos.ApxGUI
