7zip
adw-gtk-theme
base
base-devel
blueman
bluez-utils
bob
btop
btrfs-progs
cava
cliphist
ddcutil
distrobox
docker
docker-compose
efibootmgr
evolution-data-server
eza
fastfetch
fd
ffmpeg
flatpak
fzf
gdal
git
grim
gst-plugin-pipewire
gvfs
hyprland
imagemagick
intel-ucode
jrnl
kitty
lazydocker
lazygit
less
libpulse
linux
linux-firmware
linux-headers
mpv
network-manager-applet
networkmanager
nm-connection-editor
nodejs
noto-fonts-emoji
npm
nwg-look
otf-commit-mono-nerd
otf-geist-mono-nerd
ouch
pavucontrol
pipewire
pipewire-alsa
pipewire-jack
pipewire-pulse
poppler
postgresql-libs
power-profiles-daemon
qt5-svg
qt6ct
ripgrep
slurp
sof-firmware
speedtest-cli
stow
swappy
task
thunar
udiskie
ufw
unzip
uwsm
vim
wf-recorder
wget
wireplumber
wl-clipboard
wlsunset
xdg-desktop-portal-gtk
xdg-desktop-portal-hyprland
xdg-user-dirs
yazi
zathura
zathura-pdf-poppler
zip
zoxide
zram-generator
zsh
